<?xml version="1.0" encoding="UTF-8"?>
<!-- Generated by org.testng.reporters.JUnitReportReporter -->
<testsuite hostname="AsusLaptop00" failures="0" tests="2" name="FirstTest" time="11.825" errors="0" timestamp="21 Jan 2024 02:59:51 GMT">
  <testcase classname="FirstTest" name="testInfoTekguide" time="6.271"/>
  <testcase classname="FirstTest" name="testITExpert" time="5.554"/>
</testsuite> <!-- FirstTest -->
